2018-07-17 15:05:14.805  INFO 1768 --- [main] c.h.HalfordsPartFinderApplication        : Starting HalfordsPartFinderApplication on UK02247 with PID 1768 (C:\Users\mpiccin\git\part-finder-poc\target\classes started by mpiccin in C:\Users\mpiccin\git\part-finder-poc)
2018-07-17 15:05:14.808  INFO 1768 --- [main] c.h.HalfordsPartFinderApplication        : No active profile set, falling back to default profiles: default
2018-07-17 15:05:14.875  INFO 1768 --- [main] ConfigServletWebServerApplicationContext : Refreshing org.springframework.boot.web.servlet.context.AnnotationConfigServletWebServerApplicationContext@10e41621: startup date [Tue Jul 17 15:05:14 BST 2018]; root of context hierarchy
2018-07-17 15:05:15.298  INFO 1768 --- [main] o.s.c.a.ConfigurationClassParser         : Properties location [file:${catalina.base}/conf/application.properties] not resolvable: Could not resolve placeholder 'catalina.base' in value "file:${catalina.base}/conf/application.properties"
2018-07-17 15:05:16.340  INFO 1768 --- [main] trationDelegate$BeanPostProcessorChecker : Bean 'org.springframework.ws.config.annotation.DelegatingWsConfiguration' of type [org.springframework.ws.config.annotation.DelegatingWsConfiguration$$EnhancerBySpringCGLIB$$fb4a0cec] is not eligible for getting processed by all BeanPostProcessors (for example: not eligible for auto-proxying)
2018-07-17 15:05:16.380  INFO 1768 --- [main] .w.s.a.s.AnnotationActionEndpointMapping : Supporting [WS-Addressing August 2004, WS-Addressing 1.0]
2018-07-17 15:05:16.672  INFO 1768 --- [main] o.s.b.w.embedded.tomcat.TomcatWebServer  : Tomcat initialized with port(s): 8080 (http)
2018-07-17 15:05:16.693  INFO 1768 --- [main] o.apache.catalina.core.StandardService   : Starting service [Tomcat]
2018-07-17 15:05:16.694  INFO 1768 --- [main] org.apache.catalina.core.StandardEngine  : Starting Servlet Engine: Apache Tomcat/8.5.31
2018-07-17 15:05:16.703  INFO 1768 --- [localhost-startStop-1] o.a.catalina.core.AprLifecycleListener   : The APR based Apache Tomcat Native library which allows optimal performance in production environments was not found on the java.library.path: [C:\Program Files\Java\jre1.8.0_171\bin;C:\WINDOWS\Sun\Java\bin;C:\WINDOWS\system32;C:\WINDOWS;C:/Program Files/Java/jre1.8.0_171/bin/server;C:/Program Files/Java/jre1.8.0_171/bin;C:/Program Files/Java/jre1.8.0_171/lib/amd64;C:\Program Files (x86)\Microsoft SDKs\Azure\CLI2\wbin;C:\Program Files (x86)\Common Files\Oracle\Java\javapath;C:\WINDOWS\system32;C:\WINDOWS;C:\WINDOWS\System32\Wbem;C:\WINDOWS\System32\WindowsPowerShell\v1.0\;C:\WINDOWS\System32\OpenSSH\;C:\Program Files (x86)\CheckPoint\Endpoint Security\Endpoint Common\bin;C:\Java\jdk1.8.0_171\bin;C:\java\apache-maven-3.5.4\bin;C:\Users\mpiccin\AppData\Local\Microsoft\WindowsApps;;C:\java\sts-bundle\sts-3.9.4.RELEASE;;.]
2018-07-17 15:05:16.894  INFO 1768 --- [localhost-startStop-1] o.a.c.c.C.[.[.[/halfords-partfinder]     : Initializing Spring embedded WebApplicationContext
2018-07-17 15:05:16.895  INFO 1768 --- [localhost-startStop-1] o.s.web.context.ContextLoader            : Root WebApplicationContext: initialization completed in 2020 ms
2018-07-17 15:05:17.115  INFO 1768 --- [localhost-startStop-1] o.s.b.w.servlet.FilterRegistrationBean   : Mapping filter: 'characterEncodingFilter' to: [/*]
2018-07-17 15:05:17.115  INFO 1768 --- [localhost-startStop-1] o.s.b.w.servlet.FilterRegistrationBean   : Mapping filter: 'hiddenHttpMethodFilter' to: [/*]
2018-07-17 15:05:17.115  INFO 1768 --- [localhost-startStop-1] o.s.b.w.servlet.FilterRegistrationBean   : Mapping filter: 'httpPutFormContentFilter' to: [/*]
2018-07-17 15:05:17.115  INFO 1768 --- [localhost-startStop-1] o.s.b.w.servlet.FilterRegistrationBean   : Mapping filter: 'requestContextFilter' to: [/*]
2018-07-17 15:05:17.117  INFO 1768 --- [localhost-startStop-1] .s.DelegatingFilterProxyRegistrationBean : Mapping filter: 'springSecurityFilterChain' to: [/*]
2018-07-17 15:05:17.117  INFO 1768 --- [localhost-startStop-1] o.s.b.w.servlet.ServletRegistrationBean  : Servlet dispatcherServlet mapped to [/]
2018-07-17 15:05:17.118  INFO 1768 --- [localhost-startStop-1] o.s.b.w.servlet.ServletRegistrationBean  : Servlet messageDispatcherServlet mapped to [/services/*]
2018-07-17 15:05:17.448  INFO 1768 --- [main] o.s.ws.soap.saaj.SaajSoapMessageFactory  : Creating SAAJ 1.3 MessageFactory with SOAP 1.1 Protocol
2018-07-17 15:05:17.468  INFO 1768 --- [main] o.s.oxm.jaxb.Jaxb2Marshaller             : Creating JAXBContext with context path [com.halfords.connectors.sap.store6]
2018-07-17 15:05:18.543  INFO 1768 --- [main] s.w.s.m.m.a.RequestMappingHandlerMapping : Mapped "{[/atp/st],methods=[POST]}" onto public com.halfords.partfinder.dto.ATPInventoryDTO[] com.halfords.partfinder.controller.AtpController.getATPInventory(com.halfords.partfinder.dto.ATPInventoryWrapperDTO) throws java.lang.Exception
2018-07-17 15:05:18.544  INFO 1768 --- [main] s.w.s.m.m.a.RequestMappingHandlerMapping : Mapped "{[/atp/rtr],methods=[POST]}" onto public void com.halfords.partfinder.controller.AtpController.reserveATPInventory(com.halfords.partfinder.dto.ATPInventoryWrapperDTO) throws java.lang.Exception
2018-07-17 15:05:18.545  INFO 1768 --- [main] s.w.s.m.m.a.RequestMappingHandlerMapping : Mapped "{[/store6],methods=[GET]}" onto public com.halfords.connectors.sap.store6.StockLevelRequest com.halfords.partfinder.controller.Store6Controller.getStockAvailabilityStore6(int,java.lang.String,int) throws java.lang.Exception
2018-07-17 15:05:18.551  INFO 1768 --- [main] s.w.s.m.m.a.RequestMappingHandlerMapping : Mapped "{[/swagger-resources/configuration/ui]}" onto public org.springframework.http.ResponseEntity<springfox.documentation.swagger.web.UiConfiguration> springfox.documentation.swagger.web.ApiResourceController.uiConfiguration()
2018-07-17 15:05:18.552  INFO 1768 --- [main] s.w.s.m.m.a.RequestMappingHandlerMapping : Mapped "{[/swagger-resources]}" onto public org.springframework.http.ResponseEntity<java.util.List<springfox.documentation.swagger.web.SwaggerResource>> springfox.documentation.swagger.web.ApiResourceController.swaggerResources()
2018-07-17 15:05:18.553  INFO 1768 --- [main] s.w.s.m.m.a.RequestMappingHandlerMapping : Mapped "{[/swagger-resources/configuration/security]}" onto public org.springframework.http.ResponseEntity<springfox.documentation.swagger.web.SecurityConfiguration> springfox.documentation.swagger.web.ApiResourceController.securityConfiguration()
2018-07-17 15:05:18.557  INFO 1768 --- [main] s.w.s.m.m.a.RequestMappingHandlerMapping : Mapped "{[/error]}" onto public org.springframework.http.ResponseEntity<java.util.Map<java.lang.String, java.lang.Object>> org.springframework.boot.autoconfigure.web.servlet.error.BasicErrorController.error(javax.servlet.http.HttpServletRequest)
2018-07-17 15:05:18.558  INFO 1768 --- [main] s.w.s.m.m.a.RequestMappingHandlerMapping : Mapped "{[/error],produces=[text/html]}" onto public org.springframework.web.servlet.ModelAndView org.springframework.boot.autoconfigure.web.servlet.error.BasicErrorController.errorHtml(javax.servlet.http.HttpServletRequest,javax.servlet.http.HttpServletResponse)
2018-07-17 15:05:18.696  INFO 1768 --- [main] pertySourcedRequestMappingHandlerMapping : Mapped URL path [/v2/api-docs] onto method [public org.springframework.http.ResponseEntity<springfox.documentation.spring.web.json.Json> springfox.documentation.swagger2.web.Swagger2Controller.getDocumentation(java.lang.String,javax.servlet.http.HttpServletRequest)]
2018-07-17 15:05:18.697  INFO 1768 --- [main] o.s.oxm.jaxb.Jaxb2Marshaller             : Creating JAXBContext with context path [com.halfords.xi.out.ecommerce.co]
2018-07-17 15:05:18.830  INFO 1768 --- [main] o.s.ws.soap.saaj.SaajSoapMessageFactory  : Creating SAAJ 1.3 MessageFactory with SOAP 1.1 Protocol
2018-07-17 15:05:19.041  INFO 1768 --- [main] o.s.s.web.DefaultSecurityFilterChain     : Creating filter chain: org.springframework.security.web.util.matcher.AnyRequestMatcher@1, [org.springframework.security.web.context.request.async.WebAsyncManagerIntegrationFilter@1fdca564, org.springframework.security.web.context.SecurityContextPersistenceFilter@7f93dd4e, org.springframework.security.web.header.HeaderWriterFilter@4d18b73a, org.springframework.security.web.authentication.logout.LogoutFilter@26bbe604, org.springframework.security.web.authentication.www.BasicAuthenticationFilter@32177fa5, org.springframework.security.web.savedrequest.RequestCacheAwareFilter@3ad85136, org.springframework.security.web.servletapi.SecurityContextHolderAwareRequestFilter@59bbe88a, org.springframework.security.web.authentication.AnonymousAuthenticationFilter@43f9dd56, org.springframework.security.web.session.SessionManagementFilter@435cc7f9, org.springframework.security.web.access.ExceptionTranslationFilter@671c4166, org.springframework.security.web.access.intercept.FilterSecurityInterceptor@7f1ef916]
2018-07-17 15:05:19.147  INFO 1768 --- [main] o.s.w.s.handler.SimpleUrlHandlerMapping  : Mapped URL path [/**/favicon.ico] onto handler of type [class org.springframework.web.servlet.resource.ResourceHttpRequestHandler]
2018-07-17 15:05:19.355  INFO 1768 --- [main] s.w.s.m.m.a.RequestMappingHandlerAdapter : Looking for @ControllerAdvice: org.springframework.boot.web.servlet.context.AnnotationConfigServletWebServerApplicationContext@10e41621: startup date [Tue Jul 17 15:05:14 BST 2018]; root of context hierarchy
2018-07-17 15:05:19.413  INFO 1768 --- [main] o.s.w.s.handler.SimpleUrlHandlerMapping  : Mapped URL path [/webjars/**] onto handler of type [class org.springframework.web.servlet.resource.ResourceHttpRequestHandler]
2018-07-17 15:05:19.414  INFO 1768 --- [main] o.s.w.s.handler.SimpleUrlHandlerMapping  : Mapped URL path [/**] onto handler of type [class org.springframework.web.servlet.resource.ResourceHttpRequestHandler]
2018-07-17 15:05:19.659  INFO 1768 --- [main] o.s.j.e.a.AnnotationMBeanExporter        : Registering beans for JMX exposure on startup
2018-07-17 15:05:19.670  INFO 1768 --- [main] o.s.c.support.DefaultLifecycleProcessor  : Starting beans in phase 2147483647
2018-07-17 15:05:19.670  INFO 1768 --- [main] d.s.w.p.DocumentationPluginsBootstrapper : Context refreshed
2018-07-17 15:05:19.694  INFO 1768 --- [main] d.s.w.p.DocumentationPluginsBootstrapper : Found 1 custom documentation plugin(s)
2018-07-17 15:05:19.737  INFO 1768 --- [main] s.d.s.w.s.ApiListingReferenceScanner     : Scanning for api listing references
2018-07-17 15:05:20.191  INFO 1768 --- [main] o.s.b.w.embedded.tomcat.TomcatWebServer  : Tomcat started on port(s): 8080 (http) with context path '/halfords-partfinder'
2018-07-17 15:05:20.198  INFO 1768 --- [main] c.h.HalfordsPartFinderApplication        : Started HalfordsPartFinderApplication in 5.765 seconds (JVM running for 6.8)
2018-07-17 15:05:35.548  INFO 1768 --- [http-nio-8080-exec-1] o.a.c.c.C.[.[.[/halfords-partfinder]     : Initializing Spring FrameworkServlet 'dispatcherServlet'
2018-07-17 15:05:35.548  INFO 1768 --- [http-nio-8080-exec-1] o.s.web.servlet.DispatcherServlet        : FrameworkServlet 'dispatcherServlet': initialization started
2018-07-17 15:05:35.573  INFO 1768 --- [http-nio-8080-exec-1] o.s.web.servlet.DispatcherServlet        : FrameworkServlet 'dispatcherServlet': initialization completed in 24 ms
2018-07-17 15:05:35.687  INFO 1768 --- [http-nio-8080-exec-1] c.h.p.s.atp.RealtimeATPWebServiceImpl    : ATPInventoryWrapperDTO [soNumber=null, atpInventoryDTOs=[ATPInventoryDTO [sku=12345, distributionCentre=DC_1, requestingSite=C, actualStockLevel=1, requiredStockLevel=2, store1=, store2=, store3=, store4=, store5=, deliveryDate1=, deliveryDate2=, deliveryDate3=, deliveryDate4=, deliveryDate5=, dcProduct=false, vendorProduct=true, orderItemIds=[], status=0], ATPInventoryDTO [sku=23456, distributionCentre=DC_2, requestingSite=F, actualStockLevel=2, requiredStockLevel=1, store1=, store2=, store3=, store4=, store5=, deliveryDate1=, deliveryDate2=, deliveryDate3=, deliveryDate4=, deliveryDate5=, dcProduct=true, vendorProduct=false, orderItemIds=[], status=0]], storeIds=null]
2018-07-17 15:05:35.688  INFO 1768 --- [http-nio-8080-exec-1] c.h.p.s.atp.RealtimeATPWebServiceImpl    : sku=12345, DC=DC_1, Site=C
2018-07-17 15:05:35.714  INFO 1768 --- [http-nio-8080-exec-1] c.h.p.s.atp.RealtimeATPWebServiceImpl    : item is vendor product, set DC to NON_DC
2018-07-17 15:05:35.715  INFO 1768 --- [http-nio-8080-exec-1] c.h.p.s.atp.RealtimeATPWebServiceImpl    : sku=23456, DC=DC_2, Site=F
2018-07-17 15:05:35.716  INFO 1768 --- [http-nio-8080-exec-1] c.h.p.s.atp.RealtimeATPWebServiceImpl    : user=PQ1_Ecom
2018-07-17 15:05:35.716  INFO 1768 --- [http-nio-8080-exec-1] c.h.p.s.atp.RealtimeATPWebServiceImpl    : pwd=bert27af
2018-07-17 15:05:35.716  INFO 1768 --- [http-nio-8080-exec-1] c.h.p.s.atp.RealtimeATPWebServiceImpl    : url=http://hspidql1.int.halfords.co.uk:51300/XISOAPAdapter/MessageServlet?senderParty=&senderService=ECommerce_QA&receiverParty=&receiverService=SAP_QA&interface=MI_O_Sync_Request_RTStock&interfaceNamespace=http://halfords.com/xi/out/ecommerce/st
2018-07-17 15:05:35.717  INFO 1768 --- [http-nio-8080-exec-1] c.h.p.s.atp.RealtimeATPWebServiceImpl    : timeout=2000
2018-07-17 15:05:35.803  WARN 1768 --- [http-nio-8080-exec-1] org.apache.axis.utils.JavaUtils          : Unable to find required classes (javax.activation.DataHandler and javax.mail.internet.MimeMultipart). Attachment support is disabled.
2018-07-17 15:05:35.904  INFO 1768 --- [http-nio-8080-exec-1] c.h.p.s.atp.RealtimeATPWebServiceImpl    : Start: webservice call
2018-07-17 15:05:35.908  INFO 1768 --- [http-nio-8080-exec-1] c.halfords.partfinder.utils.ProxyHelper  : Proxy not being used
2018-07-17 15:05:37.142 ERROR 1768 --- [http-nio-8080-exec-1] o.a.c.c.C.[.[.[.[dispatcherServlet]      : Servlet.service() for servlet [dispatcherServlet] in context with path [/halfords-partfinder] threw exception [Request processing failed; nested exception is com.halfords.partfinder.exception.ATPException: java.net.UnknownHostException: hspidql1.int.halfords.co.uk] with root cause

java.net.UnknownHostException: hspidql1.int.halfords.co.uk
	at java.net.AbstractPlainSocketImpl.connect(Unknown Source) ~[na:1.8.0_171]
	at java.net.PlainSocketImpl.connect(Unknown Source) ~[na:1.8.0_171]
	at java.net.SocksSocketImpl.connect(Unknown Source) ~[na:1.8.0_171]
	at java.net.Socket.connect(Unknown Source) ~[na:1.8.0_171]
	at sun.reflect.NativeMethodAccessorImpl.invoke0(Native Method) ~[na:1.8.0_171]
	at sun.reflect.NativeMethodAccessorImpl.invoke(Unknown Source) ~[na:1.8.0_171]
	at sun.reflect.DelegatingMethodAccessorImpl.invoke(Unknown Source) ~[na:1.8.0_171]
	at java.lang.reflect.Method.invoke(Unknown Source) ~[na:1.8.0_171]
	at org.apache.axis.components.net.DefaultSocketFactory.create(DefaultSocketFactory.java:153) ~[axis-1.4.jar:na]
	at org.apache.axis.components.net.DefaultSocketFactory.create(DefaultSocketFactory.java:120) ~[axis-1.4.jar:na]
	at org.apache.axis.transport.http.HTTPSender.getSocket(HTTPSender.java:191) ~[axis-1.4.jar:na]
	at org.apache.axis.transport.http.HTTPSender.writeToSocket(HTTPSender.java:404) ~[axis-1.4.jar:na]
	at org.apache.axis.transport.http.HTTPSender.invoke(HTTPSender.java:138) ~[axis-1.4.jar:na]
	at org.apache.axis.strategies.InvocationStrategy.visit(InvocationStrategy.java:32) ~[axis-1.4.jar:na]
	at org.apache.axis.SimpleChain.doVisiting(SimpleChain.java:118) ~[axis-1.4.jar:na]
	at org.apache.axis.SimpleChain.invoke(SimpleChain.java:83) ~[axis-1.4.jar:na]
	at org.apache.axis.client.AxisClient.invoke(AxisClient.java:165) ~[axis-1.4.jar:na]
	at org.apache.axis.client.Call.invokeEngine(Call.java:2784) ~[axis-1.4.jar:na]
	at org.apache.axis.client.Call.invoke(Call.java:2767) ~[axis-1.4.jar:na]
	at org.apache.axis.client.Call.invoke(Call.java:2443) ~[axis-1.4.jar:na]
	at org.apache.axis.client.Call.invoke(Call.java:2366) ~[axis-1.4.jar:na]
	at org.apache.axis.client.Call.invoke(Call.java:1812) ~[axis-1.4.jar:na]
	at com.halfords.xi.out.ecommerce.st.MI_O_Sync_Request_RTStockBindingStub.MI_O_Sync_Request_RTStock(MI_O_Sync_Request_RTStockBindingStub.java:188) ~[classes/:na]
	at com.halfords.partfinder.service.atp.RealtimeATPWebServiceImpl.getATPInventory(RealtimeATPWebServiceImpl.java:176) ~[classes/:na]
	at com.halfords.partfinder.controller.AtpController.getATPInventory(AtpController.java:46) ~[classes/:na]
	at sun.reflect.NativeMethodAccessorImpl.invoke0(Native Method) ~[na:1.8.0_171]
	at sun.reflect.NativeMethodAccessorImpl.invoke(Unknown Source) ~[na:1.8.0_171]
	at sun.reflect.DelegatingMethodAccessorImpl.invoke(Unknown Source) ~[na:1.8.0_171]
	at java.lang.reflect.Method.invoke(Unknown Source) ~[na:1.8.0_171]
	at org.springframework.web.method.support.InvocableHandlerMethod.doInvoke(InvocableHandlerMethod.java:209) ~[spring-web-5.0.7.RELEASE.jar:5.0.7.RELEASE]
	at org.springframework.web.method.support.InvocableHandlerMethod.invokeForRequest(InvocableHandlerMethod.java:136) ~[spring-web-5.0.7.RELEASE.jar:5.0.7.RELEASE]
	at org.springframework.web.servlet.mvc.method.annotation.ServletInvocableHandlerMethod.invokeAndHandle(ServletInvocableHandlerMethod.java:102) ~[spring-webmvc-5.0.7.RELEASE.jar:5.0.7.RELEASE]
	at org.springframework.web.servlet.mvc.method.annotation.RequestMappingHandlerAdapter.invokeHandlerMethod(RequestMappingHandlerAdapter.java:877) ~[spring-webmvc-5.0.7.RELEASE.jar:5.0.7.RELEASE]
	at org.springframework.web.servlet.mvc.method.annotation.RequestMappingHandlerAdapter.handleInternal(RequestMappingHandlerAdapter.java:783) ~[spring-webmvc-5.0.7.RELEASE.jar:5.0.7.RELEASE]
	at org.springframework.web.servlet.mvc.method.AbstractHandlerMethodAdapter.handle(AbstractHandlerMethodAdapter.java:87) ~[spring-webmvc-5.0.7.RELEASE.jar:5.0.7.RELEASE]
	at org.springframework.web.servlet.DispatcherServlet.doDispatch(DispatcherServlet.java:991) ~[spring-webmvc-5.0.7.RELEASE.jar:5.0.7.RELEASE]
	at org.springframework.web.servlet.DispatcherServlet.doService(DispatcherServlet.java:925) ~[spring-webmvc-5.0.7.RELEASE.jar:5.0.7.RELEASE]
	at org.springframework.web.servlet.FrameworkServlet.processRequest(FrameworkServlet.java:974) ~[spring-webmvc-5.0.7.RELEASE.jar:5.0.7.RELEASE]
	at org.springframework.web.servlet.FrameworkServlet.doPost(FrameworkServlet.java:877) ~[spring-webmvc-5.0.7.RELEASE.jar:5.0.7.RELEASE]
	at javax.servlet.http.HttpServlet.service(HttpServlet.java:661) ~[tomcat-embed-core-8.5.31.jar:8.5.31]
	at org.springframework.web.servlet.FrameworkServlet.service(FrameworkServlet.java:851) ~[spring-webmvc-5.0.7.RELEASE.jar:5.0.7.RELEASE]
	at javax.servlet.http.HttpServlet.service(HttpServlet.java:742) ~[tomcat-embed-core-8.5.31.jar:8.5.31]
	at org.apache.catalina.core.ApplicationFilterChain.internalDoFilter(ApplicationFilterChain.java:231) ~[tomcat-embed-core-8.5.31.jar:8.5.31]
	at org.apache.catalina.core.ApplicationFilterChain.doFilter(ApplicationFilterChain.java:166) ~[tomcat-embed-core-8.5.31.jar:8.5.31]
	at org.apache.tomcat.websocket.server.WsFilter.doFilter(WsFilter.java:52) ~[tomcat-embed-websocket-8.5.31.jar:8.5.31]
	at org.apache.catalina.core.ApplicationFilterChain.internalDoFilter(ApplicationFilterChain.java:193) ~[tomcat-embed-core-8.5.31.jar:8.5.31]
	at org.apache.catalina.core.ApplicationFilterChain.doFilter(ApplicationFilterChain.java:166) ~[tomcat-embed-core-8.5.31.jar:8.5.31]
	at org.springframework.security.web.FilterChainProxy$VirtualFilterChain.doFilter(FilterChainProxy.java:320) ~[spring-security-web-5.0.6.RELEASE.jar:5.0.6.RELEASE]
	at org.springframework.security.web.access.intercept.FilterSecurityInterceptor.invoke(FilterSecurityInterceptor.java:127) ~[spring-security-web-5.0.6.RELEASE.jar:5.0.6.RELEASE]
	at org.springframework.security.web.access.intercept.FilterSecurityInterceptor.doFilter(FilterSecurityInterceptor.java:91) ~[spring-security-web-5.0.6.RELEASE.jar:5.0.6.RELEASE]
	at org.springframework.security.web.FilterChainProxy$VirtualFilterChain.doFilter(FilterChainProxy.java:334) ~[spring-security-web-5.0.6.RELEASE.jar:5.0.6.RELEASE]
	at org.springframework.security.web.access.ExceptionTranslationFilter.doFilter(ExceptionTranslationFilter.java:119) ~[spring-security-web-5.0.6.RELEASE.jar:5.0.6.RELEASE]
	at org.springframework.security.web.FilterChainProxy$VirtualFilterChain.doFilter(FilterChainProxy.java:334) ~[spring-security-web-5.0.6.RELEASE.jar:5.0.6.RELEASE]
	at org.springframework.security.web.session.SessionManagementFilter.doFilter(SessionManagementFilter.java:137) ~[spring-security-web-5.0.6.RELEASE.jar:5.0.6.RELEASE]
	at org.springframework.security.web.FilterChainProxy$VirtualFilterChain.doFilter(FilterChainProxy.java:334) ~[spring-security-web-5.0.6.RELEASE.jar:5.0.6.RELEASE]
	at org.springframework.security.web.authentication.AnonymousAuthenticationFilter.doFilter(AnonymousAuthenticationFilter.java:111) ~[spring-security-web-5.0.6.RELEASE.jar:5.0.6.RELEASE]
	at org.springframework.security.web.FilterChainProxy$VirtualFilterChain.doFilter(FilterChainProxy.java:334) ~[spring-security-web-5.0.6.RELEASE.jar:5.0.6.RELEASE]
	at org.springframework.security.web.servletapi.SecurityContextHolderAwareRequestFilter.doFilter(SecurityContextHolderAwareRequestFilter.java:170) ~[spring-security-web-5.0.6.RELEASE.jar:5.0.6.RELEASE]
	at org.springframework.security.web.FilterChainProxy$VirtualFilterChain.doFilter(FilterChainProxy.java:334) ~[spring-security-web-5.0.6.RELEASE.jar:5.0.6.RELEASE]
	at org.springframework.security.web.savedrequest.RequestCacheAwareFilter.doFilter(RequestCacheAwareFilter.java:63) ~[spring-security-web-5.0.6.RELEASE.jar:5.0.6.RELEASE]
	at org.springframework.security.web.FilterChainProxy$VirtualFilterChain.doFilter(FilterChainProxy.java:334) ~[spring-security-web-5.0.6.RELEASE.jar:5.0.6.RELEASE]
	at org.springframework.security.web.authentication.www.BasicAuthenticationFilter.doFilterInternal(BasicAuthenticationFilter.java:215) ~[spring-security-web-5.0.6.RELEASE.jar:5.0.6.RELEASE]
	at org.springframework.web.filter.OncePerRequestFilter.doFilter(OncePerRequestFilter.java:107) ~[spring-web-5.0.7.RELEASE.jar:5.0.7.RELEASE]
	at org.springframework.security.web.FilterChainProxy$VirtualFilterChain.doFilter(FilterChainProxy.java:334) ~[spring-security-web-5.0.6.RELEASE.jar:5.0.6.RELEASE]
	at org.springframework.security.web.authentication.logout.LogoutFilter.doFilter(LogoutFilter.java:116) ~[spring-security-web-5.0.6.RELEASE.jar:5.0.6.RELEASE]
	at org.springframework.security.web.FilterChainProxy$VirtualFilterChain.doFilter(FilterChainProxy.java:334) ~[spring-security-web-5.0.6.RELEASE.jar:5.0.6.RELEASE]
	at org.springframework.security.web.header.HeaderWriterFilter.doFilterInternal(HeaderWriterFilter.java:66) ~[spring-security-web-5.0.6.RELEASE.jar:5.0.6.RELEASE]
	at org.springframework.web.filter.OncePerRequestFilter.doFilter(OncePerRequestFilter.java:107) ~[spring-web-5.0.7.RELEASE.jar:5.0.7.RELEASE]
	at org.springframework.security.web.FilterChainProxy$VirtualFilterChain.doFilter(FilterChainProxy.java:334) ~[spring-security-web-5.0.6.RELEASE.jar:5.0.6.RELEASE]
	at org.springframework.security.web.context.SecurityContextPersistenceFilter.doFilter(SecurityContextPersistenceFilter.java:105) ~[spring-security-web-5.0.6.RELEASE.jar:5.0.6.RELEASE]
	at org.springframework.security.web.FilterChainProxy$VirtualFilterChain.doFilter(FilterChainProxy.java:334) ~[spring-security-web-5.0.6.RELEASE.jar:5.0.6.RELEASE]
	at org.springframework.security.web.context.request.async.WebAsyncManagerIntegrationFilter.doFilterInternal(WebAsyncManagerIntegrationFilter.java:56) ~[spring-security-web-5.0.6.RELEASE.jar:5.0.6.RELEASE]
	at org.springframework.web.filter.OncePerRequestFilter.doFilter(OncePerRequestFilter.java:107) ~[spring-web-5.0.7.RELEASE.jar:5.0.7.RELEASE]
	at org.springframework.security.web.FilterChainProxy$VirtualFilterChain.doFilter(FilterChainProxy.java:334) ~[spring-security-web-5.0.6.RELEASE.jar:5.0.6.RELEASE]
	at org.springframework.security.web.FilterChainProxy.doFilterInternal(FilterChainProxy.java:215) ~[spring-security-web-5.0.6.RELEASE.jar:5.0.6.RELEASE]
	at org.springframework.security.web.FilterChainProxy.doFilter(FilterChainProxy.java:178) ~[spring-security-web-5.0.6.RELEASE.jar:5.0.6.RELEASE]
	at org.springframework.web.filter.DelegatingFilterProxy.invokeDelegate(DelegatingFilterProxy.java:357) ~[spring-web-5.0.7.RELEASE.jar:5.0.7.RELEASE]
	at org.springframework.web.filter.DelegatingFilterProxy.doFilter(DelegatingFilterProxy.java:270) ~[spring-web-5.0.7.RELEASE.jar:5.0.7.RELEASE]
	at org.apache.catalina.core.ApplicationFilterChain.internalDoFilter(ApplicationFilterChain.java:193) ~[tomcat-embed-core-8.5.31.jar:8.5.31]
	at org.apache.catalina.core.ApplicationFilterChain.doFilter(ApplicationFilterChain.java:166) ~[tomcat-embed-core-8.5.31.jar:8.5.31]
	at org.springframework.web.filter.RequestContextFilter.doFilterInternal(RequestContextFilter.java:99) ~[spring-web-5.0.7.RELEASE.jar:5.0.7.RELEASE]
	at org.springframework.web.filter.OncePerRequestFilter.doFilter(OncePerRequestFilter.java:107) ~[spring-web-5.0.7.RELEASE.jar:5.0.7.RELEASE]
	at org.apache.catalina.core.ApplicationFilterChain.internalDoFilter(ApplicationFilterChain.java:193) ~[tomcat-embed-core-8.5.31.jar:8.5.31]
	at org.apache.catalina.core.ApplicationFilterChain.doFilter(ApplicationFilterChain.java:166) ~[tomcat-embed-core-8.5.31.jar:8.5.31]
	at org.springframework.web.filter.HttpPutFormContentFilter.doFilterInternal(HttpPutFormContentFilter.java:109) ~[spring-web-5.0.7.RELEASE.jar:5.0.7.RELEASE]
	at org.springframework.web.filter.OncePerRequestFilter.doFilter(OncePerRequestFilter.java:107) ~[spring-web-5.0.7.RELEASE.jar:5.0.7.RELEASE]
	at org.apache.catalina.core.ApplicationFilterChain.internalDoFilter(ApplicationFilterChain.java:193) ~[tomcat-embed-core-8.5.31.jar:8.5.31]
	at org.apache.catalina.core.ApplicationFilterChain.doFilter(ApplicationFilterChain.java:166) ~[tomcat-embed-core-8.5.31.jar:8.5.31]
	at org.springframework.web.filter.HiddenHttpMethodFilter.doFilterInternal(HiddenHttpMethodFilter.java:93) ~[spring-web-5.0.7.RELEASE.jar:5.0.7.RELEASE]
	at org.springframework.web.filter.OncePerRequestFilter.doFilter(OncePerRequestFilter.java:107) ~[spring-web-5.0.7.RELEASE.jar:5.0.7.RELEASE]
	at org.apache.catalina.core.ApplicationFilterChain.internalDoFilter(ApplicationFilterChain.java:193) ~[tomcat-embed-core-8.5.31.jar:8.5.31]
	at org.apache.catalina.core.ApplicationFilterChain.doFilter(ApplicationFilterChain.java:166) ~[tomcat-embed-core-8.5.31.jar:8.5.31]
	at org.springframework.web.filter.CharacterEncodingFilter.doFilterInternal(CharacterEncodingFilter.java:200) ~[spring-web-5.0.7.RELEASE.jar:5.0.7.RELEASE]
	at org.springframework.web.filter.OncePerRequestFilter.doFilter(OncePerRequestFilter.java:107) ~[spring-web-5.0.7.RELEASE.jar:5.0.7.RELEASE]
	at org.apache.catalina.core.ApplicationFilterChain.internalDoFilter(ApplicationFilterChain.java:193) ~[tomcat-embed-core-8.5.31.jar:8.5.31]
	at org.apache.catalina.core.ApplicationFilterChain.doFilter(ApplicationFilterChain.java:166) ~[tomcat-embed-core-8.5.31.jar:8.5.31]
	at org.apache.catalina.core.StandardWrapperValve.invoke(StandardWrapperValve.java:198) ~[tomcat-embed-core-8.5.31.jar:8.5.31]
	at org.apache.catalina.core.StandardContextValve.invoke(StandardContextValve.java:96) [tomcat-embed-core-8.5.31.jar:8.5.31]
	at org.apache.catalina.authenticator.AuthenticatorBase.invoke(AuthenticatorBase.java:496) [tomcat-embed-core-8.5.31.jar:8.5.31]
	at org.apache.catalina.core.StandardHostValve.invoke(StandardHostValve.java:140) [tomcat-embed-core-8.5.31.jar:8.5.31]
	at org.apache.catalina.valves.ErrorReportValve.invoke(ErrorReportValve.java:81) [tomcat-embed-core-8.5.31.jar:8.5.31]
	at org.apache.catalina.core.StandardEngineValve.invoke(StandardEngineValve.java:87) [tomcat-embed-core-8.5.31.jar:8.5.31]
	at org.apache.catalina.connector.CoyoteAdapter.service(CoyoteAdapter.java:342) [tomcat-embed-core-8.5.31.jar:8.5.31]
	at org.apache.coyote.http11.Http11Processor.service(Http11Processor.java:803) [tomcat-embed-core-8.5.31.jar:8.5.31]
	at org.apache.coyote.AbstractProcessorLight.process(AbstractProcessorLight.java:66) [tomcat-embed-core-8.5.31.jar:8.5.31]
	at org.apache.coyote.AbstractProtocol$ConnectionHandler.process(AbstractProtocol.java:790) [tomcat-embed-core-8.5.31.jar:8.5.31]
	at org.apache.tomcat.util.net.NioEndpoint$SocketProcessor.doRun(NioEndpoint.java:1468) [tomcat-embed-core-8.5.31.jar:8.5.31]
	at org.apache.tomcat.util.net.SocketProcessorBase.run(SocketProcessorBase.java:49) [tomcat-embed-core-8.5.31.jar:8.5.31]
	at java.util.concurrent.ThreadPoolExecutor.runWorker(Unknown Source) [na:1.8.0_171]
	at java.util.concurrent.ThreadPoolExecutor$Worker.run(Unknown Source) [na:1.8.0_171]
	at org.apache.tomcat.util.threads.TaskThread$WrappingRunnable.run(TaskThread.java:61) [tomcat-embed-core-8.5.31.jar:8.5.31]
	at java.lang.Thread.run(Unknown Source) [na:1.8.0_171]

2018-07-17 15:05:44.864  INFO 1768 --- [RMI TCP Connection(2)-127.0.0.1] inMXBeanRegistrar$SpringApplicationAdmin : Application shutdown requested.
2018-07-17 15:05:44.868  INFO 1768 --- [RMI TCP Connection(2)-127.0.0.1] ConfigServletWebServerApplicationContext : Closing org.springframework.boot.web.servlet.context.AnnotationConfigServletWebServerApplicationContext@10e41621: startup date [Tue Jul 17 15:05:14 BST 2018]; root of context hierarchy
2018-07-17 15:05:44.871  INFO 1768 --- [RMI TCP Connection(2)-127.0.0.1] o.s.c.support.DefaultLifecycleProcessor  : Stopping beans in phase 2147483647
2018-07-17 15:05:44.873  INFO 1768 --- [RMI TCP Connection(2)-127.0.0.1] o.s.j.e.a.AnnotationMBeanExporter        : Unregistering JMX-exposed beans on shutdown
